<?xml version="1.0" encoding="UTF-8"?>
<testng-results ignored="0" total="1" passed="1" failed="0" skipped="0">
  <reporter-output>
  </reporter-output>
  <suite started-at="2023-12-12T09:20:43 EST" name="Suite" finished-at="2023-12-12T09:20:43 EST" duration-ms="164">
    <groups>
    </groups>
    <test started-at="2023-12-12T09:20:43 EST" name="Test" finished-at="2023-12-12T09:20:43 EST" duration-ms="164">
      <class name="testNGtest.firsttest">
        <test-method signature="helloConsole()[pri:0, instance:testNGtest.firsttest@7205765b]" started-at="2023-12-12T09:20:43 EST" name="helloConsole" finished-at="2023-12-12T09:20:43 EST" duration-ms="7" status="PASS">
          <reporter-output>
          </reporter-output>
        </test-method> <!-- helloConsole -->
      </class> <!-- testNGtest.firsttest -->
    </test> <!-- Test -->
  </suite> <!-- Suite -->
</testng-results>
